[38;5;8m2022-11-24 18:12:41[0m [I] [38;5;78;1mapp[0m [38;5;15;1mKoishi/4.10.3[0m
[38;5;8m2022-11-24 18:12:41[0m [I] [38;5;78;1mapp[0m apply plugin [38;5;78mgroup:entry[0m
[38;5;8m2022-11-24 18:12:41[0m [I] [38;5;78;1mapp[0m apply plugin [38;5;78mhelp[0m
[38;5;8m2022-11-24 18:12:41[0m [I] [38;5;78;1mapp[0m apply plugin [38;5;78mgroup:basic[0m
[38;5;8m2022-11-24 18:12:41[0m [I] [38;5;78;1mapp[0m apply plugin [38;5;78mrate-limit[0m
[38;5;8m2022-11-24 18:12:41[0m [I] [38;5;78;1mapp[0m apply plugin [38;5;78msuggest[0m
[38;5;8m2022-11-24 18:12:41[0m [I] [38;5;78;1mapp[0m apply plugin [38;5;78mlocales[0m
[38;5;8m2022-11-24 18:12:41[0m [I] [38;5;78;1mapp[0m apply plugin [38;5;78mdataview[0m
[38;5;8m2022-11-24 18:12:41[0m [I] [38;5;78;1mapp[0m apply plugin [38;5;78mlogger[0m
[38;5;8m2022-11-24 18:12:41[0m [I] [38;5;78;1mapp[0m apply plugin [38;5;78minsight[0m
[38;5;8m2022-11-24 18:12:41[0m [I] [38;5;78;1mapp[0m apply plugin [38;5;78mmarket[0m
[38;5;8m2022-11-24 18:12:41[0m [I] [38;5;78;1mapp[0m apply plugin [38;5;78msandbox[0m
[38;5;8m2022-11-24 18:12:41[0m [I] [38;5;78;1mapp[0m apply plugin [38;5;78mstatus[0m
[38;5;8m2022-11-24 18:12:41[0m [I] [38;5;78;1mapp[0m apply plugin [38;5;78mgroup:database[0m
[38;5;8m2022-11-24 18:12:41[0m [I] [38;5;78;1mapp[0m apply plugin [38;5;78mdatabase-sqlite[0m
[38;5;8m2022-11-24 18:12:41[0m [I] [38;5;78;1mapp[0m apply plugin [38;5;78mgroup:adapter[0m
[38;5;8m2022-11-24 18:12:41[0m [I] [38;5;78;1mapp[0m apply plugin [38;5;78mgocqhttp[0m
[38;5;8m2022-11-24 18:12:41[0m [I] [38;5;78;1mapp[0m server listening at [38;5;78mhttp://localhost:5140[0m
[38;5;8m2022-11-24 18:12:41[0m [I] [38;5;78;1mapp[0m apply plugin [38;5;78mcommands[0m
[38;5;8m2022-11-24 18:12:41[0m [I] [38;5;78;1mapp[0m apply plugin [38;5;78mgroup:console[0m
[38;5;8m2022-11-24 18:12:41[0m [I] [38;5;78;1mapp[0m apply plugin [38;5;78mconsole[0m
[38;5;8m2022-11-24 18:12:42[0m [I] [38;5;209;1msqlite[0m auto creating table [38;5;209muser[0m
[38;5;8m2022-11-24 18:12:42[0m [I] [38;5;209;1msqlite[0m auto creating table [38;5;209mchannel[0m
[38;5;8m2022-11-24 18:12:42[0m [I] [38;5;209;1msqlite[0m auto creating table [38;5;209mstats_daily[0m
[38;5;8m2022-11-24 18:12:42[0m [I] [38;5;209;1msqlite[0m auto creating table [38;5;209mstats_hourly[0m
[38;5;8m2022-11-24 18:12:42[0m [I] [38;5;209;1msqlite[0m auto creating table [38;5;209mstats_longterm[0m
[38;5;8m2022-11-24 18:18:01[0m [I] [38;5;178;1mmarket[0m [1/4] Resolving packages...
[38;5;8m2022-11-24 18:18:02[0m [I] [38;5;178;1mmarket[0m [2/4] Fetching packages...
[38;5;8m2022-11-24 18:18:02[0m [I] [38;5;178;1mmarket[0m [3/4] Linking dependencies...
[38;5;8m2022-11-24 18:18:02[0m [W] [38;5;178;1mmarket[0m warning "@koishijs/plugin-adapter-discord > @satorijs/adapter-discord@3.3.2" has unmet peer dependency "@satorijs/satori@^1.3.7".
[38;5;8m2022-11-24 18:18:02[0m [W] [38;5;178;1mmarket[0m warning "@koishijs/plugin-adapter-kook > @satorijs/adapter-kook@3.4.2" has unmet peer dependency "@satorijs/satori@^1.3.7".
[38;5;8m2022-11-24 18:18:02[0m [W] [38;5;178;1mmarket[0m warning "@koishijs/plugin-adapter-onebot > @satorijs/adapter-onebot@5.4.2" has unmet peer dependency "@satorijs/satori@^1.4.2".
[38;5;8m2022-11-24 18:18:02[0m [W] [38;5;178;1mmarket[0m warning "@koishijs/plugin-adapter-telegram > @satorijs/adapter-telegram@3.5.2" has unmet peer dependency "@satorijs/satori@^1.3.7".
[38;5;8m2022-11-24 18:18:02[0m [W] [38;5;178;1mmarket[0m warning "@koishijs/plugin-database-sqlite > @minatojs/driver-sqlite@3.0.1" has unmet peer dependency "@minatojs/core@^2.0.0".
[38;5;8m2022-11-24 18:18:02[0m [W] [38;5;178;1mmarket[0m warning "@koishijs/plugin-database-sqlite > @minatojs/driver-sqlite > @minatojs/sql-utils@2.0.0" has unmet peer dependency "@minatojs/core@^2.0.0".
[38;5;8m2022-11-24 18:18:04[0m [I] [38;5;178;1mmarket[0m [4/4] Building fresh packages...
[38;5;8m2022-11-24 18:18:04[0m [I] [38;5;178;1mmarket[0m success Saved lockfile.
[38;5;8m2022-11-24 18:18:09[0m [W] [38;5;178;1mmarket[0m aborted
[38;5;8m2022-11-24 18:18:22[0m [I] [38;5;78;1mapp[0m apply plugin [38;5;78mecho[0m
[38;5;8m2022-11-24 18:18:32[0m [W] [38;5;209;1msqlite[0m SQL > [38;5;209mINSERT INTO `user` (`flag`,`authority`,`locale`,`usage`,`timers`,`sandbox`) VALUES (0, 2, '', '{}', '{}', 'Bob')[0m []
[38;5;8m2022-11-24 18:18:33[0m [W] [38;5;209;1msqlite[0m SQL > [38;5;209mINSERT INTO `user` (`flag`,`authority`,`locale`,`usage`,`timers`,`sandbox`) VALUES (0, 3, '', '{}', '{}', 'Bob')[0m []
[38;5;8m2022-11-24 18:20:25[0m [I] [38;5;78;1mapp[0m [38;5;15;1mKoishi/4.10.3[0m
[38;5;8m2022-11-24 18:20:25[0m [I] [38;5;78;1mapp[0m apply plugin [38;5;78mgroup:entry[0m
[38;5;8m2022-11-24 18:20:25[0m [I] [38;5;78;1mapp[0m apply plugin [38;5;78mgroup:basic[0m
[38;5;8m2022-11-24 18:20:25[0m [I] [38;5;78;1mapp[0m apply plugin [38;5;78mhelp[0m
[38;5;8m2022-11-24 18:20:25[0m [I] [38;5;78;1mapp[0m apply plugin [38;5;78mrate-limit[0m
[38;5;8m2022-11-24 18:20:25[0m [I] [38;5;78;1mapp[0m apply plugin [38;5;78msuggest[0m
[38;5;8m2022-11-24 18:20:25[0m [I] [38;5;78;1mapp[0m apply plugin [38;5;78mlocales[0m
[38;5;8m2022-11-24 18:20:25[0m [I] [38;5;78;1mapp[0m apply plugin [38;5;78mgroup:console[0m
[38;5;8m2022-11-24 18:20:25[0m [I] [38;5;78;1mapp[0m apply plugin [38;5;78mcommands[0m
[38;5;8m2022-11-24 18:20:25[0m [I] [38;5;78;1mapp[0m apply plugin [38;5;78mconsole[0m
[38;5;8m2022-11-24 18:20:25[0m [I] [38;5;78;1mapp[0m apply plugin [38;5;78mdataview[0m
[38;5;8m2022-11-24 18:20:25[0m [I] [38;5;78;1mapp[0m apply plugin [38;5;78mlogger[0m
[38;5;8m2022-11-24 18:20:25[0m [I] [38;5;78;1mapp[0m apply plugin [38;5;78minsight[0m
[38;5;8m2022-11-24 18:20:25[0m [I] [38;5;78;1mapp[0m apply plugin [38;5;78mmarket[0m
[38;5;8m2022-11-24 18:20:25[0m [I] [38;5;78;1mapp[0m apply plugin [38;5;78msandbox[0m
[38;5;8m2022-11-24 18:20:25[0m [I] [38;5;78;1mapp[0m apply plugin [38;5;78mstatus[0m
[38;5;8m2022-11-24 18:20:25[0m [I] [38;5;78;1mapp[0m apply plugin [38;5;78mgroup:database[0m
[38;5;8m2022-11-24 18:20:25[0m [I] [38;5;78;1mapp[0m apply plugin [38;5;78mdatabase-sqlite[0m
[38;5;8m2022-11-24 18:20:25[0m [I] [38;5;78;1mapp[0m apply plugin [38;5;78mgroup:adapter[0m
[38;5;8m2022-11-24 18:20:25[0m [I] [38;5;78;1mapp[0m apply plugin [38;5;78mgocqhttp[0m
[38;5;8m2022-11-24 18:20:25[0m [I] [38;5;78;1mapp[0m apply plugin [38;5;78mecho[0m
[38;5;8m2022-11-24 18:20:25[0m [I] [38;5;78;1mapp[0m server listening at [38;5;78mhttp://localhost:5140[0m
[38;5;8m2022-11-24 18:20:40[0m [W] [38;5;178;1mmarket[0m aborted
[38;5;8m2022-11-24 18:23:45[0m [I] [38;5;78;1mapp[0m [38;5;15;1mKoishi/4.10.3[0m
[38;5;8m2022-11-24 18:23:45[0m [I] [38;5;78;1mapp[0m apply plugin [38;5;78mgroup:entry[0m
[38;5;8m2022-11-24 18:23:45[0m [I] [38;5;78;1mapp[0m apply plugin [38;5;78mgroup:basic[0m
[38;5;8m2022-11-24 18:23:45[0m [I] [38;5;78;1mapp[0m apply plugin [38;5;78mhelp[0m
[38;5;8m2022-11-24 18:23:45[0m [I] [38;5;78;1mapp[0m apply plugin [38;5;78msuggest[0m
[38;5;8m2022-11-24 18:23:45[0m [I] [38;5;78;1mapp[0m apply plugin [38;5;78mlocales[0m
[38;5;8m2022-11-24 18:23:45[0m [I] [38;5;78;1mapp[0m apply plugin [38;5;78mrate-limit[0m
[38;5;8m2022-11-24 18:23:45[0m [I] [38;5;78;1mapp[0m apply plugin [38;5;78mcommands[0m
[38;5;8m2022-11-24 18:23:45[0m [I] [38;5;78;1mapp[0m apply plugin [38;5;78mgroup:console[0m
[38;5;8m2022-11-24 18:23:45[0m [I] [38;5;78;1mapp[0m apply plugin [38;5;78mconsole[0m
[38;5;8m2022-11-24 18:23:45[0m [I] [38;5;78;1mapp[0m apply plugin [38;5;78mdataview[0m
[38;5;8m2022-11-24 18:23:45[0m [I] [38;5;78;1mapp[0m apply plugin [38;5;78mlogger[0m
[38;5;8m2022-11-24 18:23:45[0m [I] [38;5;78;1mapp[0m apply plugin [38;5;78minsight[0m
[38;5;8m2022-11-24 18:23:45[0m [I] [38;5;78;1mapp[0m apply plugin [38;5;78mmarket[0m
[38;5;8m2022-11-24 18:23:45[0m [I] [38;5;78;1mapp[0m apply plugin [38;5;78mstatus[0m
[38;5;8m2022-11-24 18:23:45[0m [I] [38;5;78;1mapp[0m apply plugin [38;5;78msandbox[0m
[38;5;8m2022-11-24 18:23:45[0m [I] [38;5;78;1mapp[0m apply plugin [38;5;78mgroup:database[0m
[38;5;8m2022-11-24 18:23:45[0m [I] [38;5;78;1mapp[0m apply plugin [38;5;78mdatabase-sqlite[0m
[38;5;8m2022-11-24 18:23:45[0m [I] [38;5;78;1mapp[0m apply plugin [38;5;78mgroup:adapter[0m
[38;5;8m2022-11-24 18:23:45[0m [I] [38;5;78;1mapp[0m apply plugin [38;5;78mgocqhttp[0m
[38;5;8m2022-11-24 18:23:45[0m [I] [38;5;78;1mapp[0m apply plugin [38;5;78madapter-onebot[0m
[38;5;8m2022-11-24 18:23:45[0m [I] [38;5;78;1mapp[0m server listening at [38;5;78mhttp://localhost:5140[0m
[38;5;8m2022-11-24 18:23:45[0m [I] [38;5;78;1mapp[0m apply plugin [38;5;78mecho[0m
[38;5;8m2022-11-24 18:23:45[0m [I] [38;5;214;1madapter[0m connect to server: [38;5;214mws://127.0.0.1:6700[0m
[38;5;8m2022-11-24 18:23:46[0m [I] [38;5;209;1msqlite[0m auto updating table [38;5;209muser[0m
[38;5;8m2022-11-24 18:23:50[0m [W] [38;5;178;1mmarket[0m timeout of 5000ms exceeded
[38;5;8m2022-11-24 18:23:50[0m [W] [38;5;178;1mmarket[0m timeout of 5000ms exceeded
[38;5;8m2022-11-24 18:23:50[0m [W] [38;5;178;1mmarket[0m timeout of 5000ms exceeded
[38;5;8m2022-11-24 18:23:50[0m [W] [38;5;178;1mmarket[0m timeout of 5000ms exceeded
[38;5;8m2022-11-24 18:23:50[0m [W] [38;5;178;1mmarket[0m timeout of 5000ms exceeded
[38;5;8m2022-11-24 18:23:52[0m [W] [38;5;178;1mmarket[0m timeout of 5000ms exceeded
[38;5;8m2022-11-24 18:23:54[0m [W] [38;5;178;1mmarket[0m aborted
[38;5;8m2022-11-24 18:23:55[0m [W] [38;5;178;1mmarket[0m timeout of 5000ms exceeded
[38;5;8m2022-11-24 18:23:55[0m [W] [38;5;178;1mmarket[0m timeout of 5000ms exceeded
[38;5;8m2022-11-24 18:23:55[0m [W] [38;5;178;1mmarket[0m timeout of 5000ms exceeded
[38;5;8m2022-11-24 18:23:56[0m [W] [38;5;178;1mmarket[0m timeout of 5000ms exceeded
[38;5;8m2022-11-24 18:23:59[0m [W] [38;5;178;1mmarket[0m aborted
[38;5;8m2022-11-24 18:24:00[0m [W] [38;5;178;1mmarket[0m aborted
[38;5;8m2022-11-24 18:28:52[0m [I] [38;5;78;1mapp[0m [38;5;15;1mKoishi/4.10.3[0m
[38;5;8m2022-11-24 18:28:52[0m [I] [38;5;78;1mapp[0m apply plugin [38;5;78mgroup:entry[0m
[38;5;8m2022-11-24 18:28:52[0m [I] [38;5;78;1mapp[0m apply plugin [38;5;78mgroup:basic[0m
[38;5;8m2022-11-24 18:28:52[0m [I] [38;5;78;1mapp[0m apply plugin [38;5;78mhelp[0m
[38;5;8m2022-11-24 18:28:52[0m [I] [38;5;78;1mapp[0m apply plugin [38;5;78mlocales[0m
[38;5;8m2022-11-24 18:28:52[0m [I] [38;5;78;1mapp[0m apply plugin [38;5;78msuggest[0m
[38;5;8m2022-11-24 18:28:52[0m [I] [38;5;78;1mapp[0m apply plugin [38;5;78mrate-limit[0m
[38;5;8m2022-11-24 18:28:52[0m [I] [38;5;78;1mapp[0m apply plugin [38;5;78mcommands[0m
[38;5;8m2022-11-24 18:28:52[0m [I] [38;5;78;1mapp[0m apply plugin [38;5;78mgroup:console[0m
[38;5;8m2022-11-24 18:28:52[0m [I] [38;5;78;1mapp[0m apply plugin [38;5;78mconsole[0m
[38;5;8m2022-11-24 18:28:52[0m [I] [38;5;78;1mapp[0m apply plugin [38;5;78mdataview[0m
[38;5;8m2022-11-24 18:28:52[0m [I] [38;5;78;1mapp[0m apply plugin [38;5;78mlogger[0m
[38;5;8m2022-11-24 18:28:52[0m [I] [38;5;78;1mapp[0m apply plugin [38;5;78minsight[0m
[38;5;8m2022-11-24 18:28:52[0m [I] [38;5;78;1mapp[0m apply plugin [38;5;78msandbox[0m
[38;5;8m2022-11-24 18:28:52[0m [I] [38;5;78;1mapp[0m apply plugin [38;5;78mmarket[0m
[38;5;8m2022-11-24 18:28:52[0m [I] [38;5;78;1mapp[0m apply plugin [38;5;78mstatus[0m
[38;5;8m2022-11-24 18:28:52[0m [I] [38;5;78;1mapp[0m apply plugin [38;5;78mgroup:database[0m
[38;5;8m2022-11-24 18:28:52[0m [I] [38;5;78;1mapp[0m apply plugin [38;5;78mdatabase-sqlite[0m
[38;5;8m2022-11-24 18:28:52[0m [I] [38;5;78;1mapp[0m apply plugin [38;5;78mgroup:adapter[0m
[38;5;8m2022-11-24 18:28:52[0m [I] [38;5;78;1mapp[0m apply plugin [38;5;78mgocqhttp[0m
[38;5;8m2022-11-24 18:28:52[0m [I] [38;5;78;1mapp[0m apply plugin [38;5;78madapter-onebot[0m
[38;5;8m2022-11-24 18:28:53[0m [I] [38;5;78;1mapp[0m server listening at [38;5;78mhttp://localhost:5140[0m
[38;5;8m2022-11-24 18:28:52[0m [I] [38;5;78;1mapp[0m apply plugin [38;5;78mecho[0m
[38;5;8m2022-11-24 18:28:53[0m [I] [38;5;214;1madapter[0m connect to server: [38;5;214mws://127.0.0.1:6700[0m
[38;5;8m2022-11-24 18:28:59[0m [W] [38;5;178;1mmarket[0m aborted
[38;5;8m2022-11-24 18:29:00[0m [W] [38;5;178;1mmarket[0m aborted
[38;5;8m2022-11-24 18:29:00[0m [W] [38;5;178;1mmarket[0m aborted
[38;5;8m2022-11-24 18:29:01[0m [W] [38;5;178;1mmarket[0m aborted
[38;5;8m2022-11-24 18:29:06[0m [I] [38;5;78;1mapp[0m apply plugin [38;5;78mreporting[0m
[38;5;8m2022-11-24 18:32:04[0m [I] [38;5;167;1mwatch[0m reload plugin at [38;5;167mplugins\reporting\src\index.ts[0m
[38;5;8m2022-11-24 18:32:06[0m [I] [38;5;167;1mwatch[0m reload plugin at [38;5;167mplugins\reporting\src\index.ts[0m
[38;5;8m2022-11-24 18:39:17[0m [I] [38;5;178;1mmarket[0m [1/4] Resolving packages...
[38;5;8m2022-11-24 18:39:17[0m [I] [38;5;178;1mmarket[0m [2/4] Fetching packages...
[38;5;8m2022-11-24 18:39:18[0m [I] [38;5;178;1mmarket[0m [3/4] Linking dependencies...
[38;5;8m2022-11-24 18:39:18[0m [W] [38;5;178;1mmarket[0m warning "@koishijs/plugin-adapter-discord > @satorijs/adapter-discord@3.3.2" has unmet peer dependency "@satorijs/satori@^1.3.7".
[38;5;8m2022-11-24 18:39:18[0m [W] [38;5;178;1mmarket[0m warning "@koishijs/plugin-adapter-kook > @satorijs/adapter-kook@3.4.2" has unmet peer dependency "@satorijs/satori@^1.3.7".
[38;5;8m2022-11-24 18:39:18[0m [W] [38;5;178;1mmarket[0m warning "@koishijs/plugin-adapter-onebot > @satorijs/adapter-onebot@5.4.2" has unmet peer dependency "@satorijs/satori@^1.4.2".
[38;5;8m2022-11-24 18:39:18[0m [W] [38;5;178;1mmarket[0m warning "@koishijs/plugin-adapter-telegram > @satorijs/adapter-telegram@3.5.2" has unmet peer dependency "@satorijs/satori@^1.3.7".
[38;5;8m2022-11-24 18:39:18[0m [W] [38;5;178;1mmarket[0m warning "@koishijs/plugin-database-sqlite > @minatojs/driver-sqlite@3.0.1" has unmet peer dependency "@minatojs/core@^2.0.0".
[38;5;8m2022-11-24 18:39:18[0m [W] [38;5;178;1mmarket[0m warning "@koishijs/plugin-database-sqlite > @minatojs/driver-sqlite > @minatojs/sql-utils@2.0.0" has unmet peer dependency "@minatojs/core@^2.0.0".
[38;5;8m2022-11-24 18:39:19[0m [I] [38;5;178;1mmarket[0m [4/4] Building fresh packages...
[38;5;8m2022-11-24 18:39:19[0m [I] [38;5;178;1mmarket[0m success Saved lockfile.
[38;5;8m2022-11-24 19:18:57[0m [W] [38;5;209;1msqlite[0m SQL > [38;5;209mINSERT INTO `stats_longterm` (`message`,`time`) VALUES (2, 1669219200000)[0m []
[38;5;8m2022-11-24 19:18:57[0m [W] [38;5;209;1msqlite[0m SQL > [38;5;209mINSERT INTO `stats_daily` (`command`,`dialogue`,`botSend`,`botReceive`,`group`,`time`) VALUES ('{}', '{}', '{"onebot:123456789":2}', '{"onebot:3527036356":2}', '{}', 1669219200000)[0m []
[38;5;8m2022-11-24 19:18:58[0m [W] [38;5;78;1mapp[0m Error: UNIQUE constraint failed: stats_daily.time
                            at f.handleError (C:\Users\tohka\Desktop\Python_work\robotProject\QQrobot\koishi-app\node_modules\@minatojs\sql.js\dist\sql-wasm.js:91:290)
                            at c.step (C:\Users\tohka\Desktop\Python_work\robotProject\QQrobot\koishi-app\node_modules\@minatojs\sql.js\dist\sql-wasm.js:81:394)
                            at c.run (C:\Users\tohka\Desktop\Python_work\robotProject\QQrobot\koishi-app\node_modules\@minatojs\sql.js\dist\sql-wasm.js:84:116)
                            at null.<anonymous> (C:\Users\tohka\Desktop\Python_work\robotProject\QQrobot\koishi-app\node_modules\@minatojs\driver-sqlite\src\index.ts:198:42)
                            at SQLiteDriver.#exec (C:\Users\tohka\Desktop\Python_work\robotProject\QQrobot\koishi-app\node_modules\@minatojs\driver-sqlite\src\index.ts:173:22)
                            at SQLiteDriver.#run (C:\Users\tohka\Desktop\Pytho...
[38;5;8m2022-11-24 20:08:59[0m [I] [38;5;167;1mwatch[0m reload plugin at [38;5;167mplugins\reporting\src\index.ts[0m
[38;5;8m2022-11-24 20:09:12[0m [W] [38;5;209;1msqlite[0m SQL > [38;5;209mINSERT INTO `stats_daily` (`command`,`dialogue`,`botSend`,`botReceive`,`group`,`time`) VALUES ('{"help":1,"usage":1}', '{}', '{"onebot:123456789":5}', '{"onebot:3527036356":5}', '{"onebot:527720650":3}', 1669219200000)[0m []
[38;5;8m2022-11-24 20:09:12[0m [W] [38;5;209;1msqlite[0m SQL > [38;5;209mINSERT INTO `stats_longterm` (`message`,`time`) VALUES (5, 1669219200000)[0m []
[38;5;8m2022-11-24 20:09:12[0m [W] [38;5;78;1mapp[0m Error: UNIQUE constraint failed: stats_daily.time
                            at f.handleError (C:\Users\tohka\Desktop\Python_work\robotProject\QQrobot\koishi-app\node_modules\@minatojs\sql.js\dist\sql-wasm.js:91:290)
                            at c.step (C:\Users\tohka\Desktop\Python_work\robotProject\QQrobot\koishi-app\node_modules\@minatojs\sql.js\dist\sql-wasm.js:81:394)
                            at c.run (C:\Users\tohka\Desktop\Python_work\robotProject\QQrobot\koishi-app\node_modules\@minatojs\sql.js\dist\sql-wasm.js:84:116)
                            at null.<anonymous> (C:\Users\tohka\Desktop\Python_work\robotProject\QQrobot\koishi-app\node_modules\@minatojs\driver-sqlite\src\index.ts:198:42)
                            at SQLiteDriver.#exec (C:\Users\tohka\Desktop\Python_work\robotProject\QQrobot\koishi-app\node_modules\@minatojs\driver-sqlite\src\index.ts:173:22)
                            at SQLiteDriver.#run (C:\Users\tohka\Desktop\Pytho...
[38;5;8m2022-11-24 21:17:51[0m [I] [38;5;78;1mapp[0m [38;5;15;1mKoishi/4.10.3[0m
[38;5;8m2022-11-24 21:17:51[0m [I] [38;5;78;1mapp[0m apply plugin [38;5;78mgroup:entry[0m
[38;5;8m2022-11-24 21:17:51[0m [I] [38;5;78;1mapp[0m apply plugin [38;5;78mgroup:basic[0m
[38;5;8m2022-11-24 21:17:51[0m [I] [38;5;78;1mapp[0m apply plugin [38;5;78msuggest[0m
[38;5;8m2022-11-24 21:17:51[0m [I] [38;5;78;1mapp[0m apply plugin [38;5;78mhelp[0m
[38;5;8m2022-11-24 21:17:51[0m [I] [38;5;78;1mapp[0m apply plugin [38;5;78mrate-limit[0m
[38;5;8m2022-11-24 21:17:51[0m [I] [38;5;78;1mapp[0m apply plugin [38;5;78mlocales[0m
[38;5;8m2022-11-24 21:17:51[0m [I] [38;5;78;1mapp[0m apply plugin [38;5;78mgroup:console[0m
[38;5;8m2022-11-24 21:17:51[0m [I] [38;5;78;1mapp[0m apply plugin [38;5;78mcommands[0m
[38;5;8m2022-11-24 21:17:51[0m [I] [38;5;78;1mapp[0m apply plugin [38;5;78mconsole[0m
[38;5;8m2022-11-24 21:17:51[0m [I] [38;5;78;1mapp[0m apply plugin [38;5;78mdataview[0m
[38;5;8m2022-11-24 21:17:51[0m [I] [38;5;78;1mapp[0m apply plugin [38;5;78mlogger[0m
[38;5;8m2022-11-24 21:17:51[0m [I] [38;5;78;1mapp[0m apply plugin [38;5;78minsight[0m
[38;5;8m2022-11-24 21:17:51[0m [I] [38;5;78;1mapp[0m apply plugin [38;5;78mmarket[0m
[38;5;8m2022-11-24 21:17:51[0m [I] [38;5;78;1mapp[0m apply plugin [38;5;78msandbox[0m
[38;5;8m2022-11-24 21:17:51[0m [I] [38;5;78;1mapp[0m apply plugin [38;5;78mstatus[0m
[38;5;8m2022-11-24 21:17:51[0m [I] [38;5;78;1mapp[0m apply plugin [38;5;78mgroup:database[0m
[38;5;8m2022-11-24 21:17:51[0m [I] [38;5;78;1mapp[0m apply plugin [38;5;78mdatabase-sqlite[0m
[38;5;8m2022-11-24 21:17:51[0m [I] [38;5;78;1mapp[0m apply plugin [38;5;78mgroup:adapter[0m
[38;5;8m2022-11-24 21:17:51[0m [I] [38;5;78;1mapp[0m apply plugin [38;5;78madapter-onebot[0m
[38;5;8m2022-11-24 21:17:51[0m [I] [38;5;78;1mapp[0m apply plugin [38;5;78mgocqhttp[0m
[38;5;8m2022-11-24 21:17:51[0m [I] [38;5;78;1mapp[0m apply plugin [38;5;78mreporting[0m
[38;5;8m2022-11-24 21:17:51[0m [I] [38;5;78;1mapp[0m server listening at [38;5;78mhttp://localhost:5140[0m
[38;5;8m2022-11-24 21:17:51[0m [I] [38;5;78;1mapp[0m apply plugin [38;5;78mecho[0m
[38;5;8m2022-11-24 21:17:51[0m [I] [38;5;214;1madapter[0m connect to server: [38;5;214mws://127.0.0.1:6700[0m
[38;5;8m2022-11-24 21:18:24[0m [I] [38;5;78;1mapp[0m apply plugin [38;5;78muni-entry[0m
[38;5;8m2022-11-24 21:18:43[0m [I] [38;5;78;1mapp[0m unload plugin [38;5;78mreporting[0m
[38;5;8m2022-11-24 21:24:23[0m [W] [38;5;215;1mcommand[0m uni 
                        TypeError: Cannot read properties of undefined (reading 'length')
                            at _Command.<anonymous> (c:\Users\tohka\Desktop\Python_work\robotProject\QQrobot\koishi-app\plugins\uni-entry\src\entry.ts:9:30)
                            at Array.<anonymous> (C:\Users\tohka\Desktop\Python_work\robotProject\QQrobot\koishi-app\node_modules\@koishijs\core\src\command\command.ts:249:27)
                            at Object.argv.next (C:\Users\tohka\Desktop\Python_work\robotProject\QQrobot\koishi-app\node_modules\@koishijs\core\src\command\command.ts:261:14)
                            at _Command.execute (C:\Users\tohka\Desktop\Python_work\robotProject\QQrobot\koishi-app\node_modules\@koishijs\core\src\command\command.ts:265:33)
                            at processTicksAndRejections (node:internal/process/task_queues:96:5)
                            at null.<anonymous> (C:\Users\tohka\Desktop\Python_work\ro...
[38;5;8m2022-11-24 21:25:46[0m [I] [38;5;167;1mwatch[0m reload plugin at [38;5;167mplugins\uni-entry\src\entry.ts[0m
[38;5;8m2022-11-24 21:25:46[0m [I] [38;5;167;1mwatch[0m reload plugin at [38;5;167mplugins\uni-entry\src\entry.ts[0m
[38;5;8m2022-11-24 21:25:51[0m [W] [38;5;207;1mi18n[0m missing [32m'no-such-name'[39m
[38;5;8m2022-11-24 21:26:29[0m [I] [38;5;167;1mwatch[0m reload plugin at [38;5;167mplugins\uni-entry\src\entry.ts[0m
[38;5;8m2022-11-24 21:26:29[0m [I] [38;5;167;1mwatch[0m reload plugin at [38;5;167mplugins\uni-entry\src\entry.ts[0m
[38;5;8m2022-11-24 21:26:34[0m [W] [38;5;207;1mi18n[0m missing [32m'no-such-name'[39m
[38;5;8m2022-11-24 21:27:29[0m [I] [38;5;167;1mwatch[0m reload plugin at [38;5;167mplugins\uni-entry\src\entry.ts[0m
[38;5;8m2022-11-24 21:27:29[0m [I] [38;5;167;1mwatch[0m reload plugin at [38;5;167mplugins\uni-entry\src\entry.ts[0m
[38;5;8m2022-11-24 21:27:34[0m [W] [38;5;207;1mi18n[0m missing [32m'The admission website of the school is not included or published'[39m
[38;5;8m2022-11-24 21:27:57[0m [I] [38;5;167;1mwatch[0m reload plugin at [38;5;167mplugins\uni-entry\src\entry.ts[0m
[38;5;8m2022-11-24 21:27:57[0m [I] [38;5;167;1mwatch[0m reload plugin at [38;5;167mplugins\uni-entry\src\entry.ts[0m
[38;5;8m2022-11-24 21:28:04[0m [W] [38;5;209;1msqlite[0m SQL > [38;5;209mINSERT INTO `stats_daily` (`command`,`dialogue`,`botSend`,`botReceive`,`group`,`time`) VALUES ('{"uni":9}', '{}', '{"sandbox:koishi":3,"onebot:123456789":5}', '{"sandbox:koishi":4,"onebot:3527036356":7}', '{"onebot:527720650":5}', 1669219200000)[0m []
[38;5;8m2022-11-24 21:28:04[0m [W] [38;5;207;1mi18n[0m missing [32m'The admission website of the school is not included or published.'[39m
[38;5;8m2022-11-24 21:28:04[0m [W] [38;5;78;1mapp[0m Error: UNIQUE constraint failed: stats_daily.time
                            at f.handleError (C:\Users\tohka\Desktop\Python_work\robotProject\QQrobot\koishi-app\node_modules\@minatojs\sql.js\dist\sql-wasm.js:91:290)
                            at c.step (C:\Users\tohka\Desktop\Python_work\robotProject\QQrobot\koishi-app\node_modules\@minatojs\sql.js\dist\sql-wasm.js:81:394)
                            at c.run (C:\Users\tohka\Desktop\Python_work\robotProject\QQrobot\koishi-app\node_modules\@minatojs\sql.js\dist\sql-wasm.js:84:116)
                            at null.<anonymous> (C:\Users\tohka\Desktop\Python_work\robotProject\QQrobot\koishi-app\node_modules\@minatojs\driver-sqlite\src\index.ts:198:42)
                            at SQLiteDriver.#exec (C:\Users\tohka\Desktop\Python_work\robotProject\QQrobot\koishi-app\node_modules\@minatojs\driver-sqlite\src\index.ts:173:22)
                            at SQLiteDriver.#run (C:\Users\tohka\Desktop\Pytho...
[38;5;8m2022-11-24 21:28:04[0m [W] [38;5;209;1msqlite[0m SQL > [38;5;209mINSERT INTO `stats_longterm` (`message`,`time`) VALUES (8, 1669219200000)[0m []
[38;5;8m2022-11-24 21:28:20[0m [I] [38;5;167;1mwatch[0m reload plugin at [38;5;167mplugins\uni-entry\src\entry.ts[0m
[38;5;8m2022-11-24 21:28:21[0m [I] [38;5;167;1mwatch[0m reload plugin at [38;5;167mplugins\uni-entry\src\entry.ts[0m
[38;5;8m2022-11-24 21:28:28[0m [W] [38;5;207;1mi18n[0m missing [32m'The admission website of the university is not included or published.'[39m
[38;5;8m2022-11-24 21:30:51[0m [W] [38;5;207;1mi18n[0m missing [32m'The admission website of the university is not included or published.'[39m
[38;5;8m2022-11-24 21:33:24[0m [I] [38;5;167;1mwatch[0m reload plugin at [38;5;167mplugins\uni-entry\src\entry.ts[0m
[38;5;8m2022-11-24 21:33:24[0m [I] [38;5;167;1mwatch[0m reload plugin at [38;5;167mplugins\uni-entry\src\entry.ts[0m
[38;5;8m2022-11-24 21:33:28[0m [W] [38;5;207;1mi18n[0m missing [32m'The admission website of the university is not included or published. Or you can enter the full name of the university and try again.'[39m
[38;5;8m2022-11-24 21:34:17[0m [I] [38;5;167;1mwatch[0m reload plugin at [38;5;167mplugins\uni-entry\src\entry.ts[0m
[38;5;8m2022-11-24 21:34:17[0m [I] [38;5;167;1mwatch[0m reload plugin at [38;5;167mplugins\uni-entry\src\entry.ts[0m
[38;5;8m2022-11-24 21:34:23[0m [W] [38;5;207;1mi18n[0m missing [32m'The admission website of the university is not included or published. Or you can enter the full name of the university and try again.'[39m
[38;5;8m2022-11-24 21:35:16[0m [I] [38;5;167;1mwatch[0m reload plugin at [38;5;167mplugins\uni-entry\src\entry.ts[0m
[38;5;8m2022-11-24 21:35:17[0m [I] [38;5;167;1mwatch[0m reload plugin at [38;5;167mplugins\uni-entry\src\entry.ts[0m
[38;5;8m2022-11-24 21:35:22[0m [W] [38;5;207;1mi18n[0m missing [32m'The admission website of the university is not included or published. \n'[39m + [32m' Or you can enter the full name of the university and try again.'[39m
[38;5;8m2022-11-24 21:35:29[0m [I] [38;5;167;1mwatch[0m reload plugin at [38;5;167mplugins\uni-entry\src\entry.ts[0m
[38;5;8m2022-11-24 21:35:29[0m [I] [38;5;167;1mwatch[0m reload plugin at [38;5;167mplugins\uni-entry\src\entry.ts[0m
[38;5;8m2022-11-24 21:35:33[0m [W] [38;5;207;1mi18n[0m missing [32m'The admission website of the university is not included or published. \n'[39m + [32m'Or you can enter the full name of the university and try again.'[39m
[38;5;8m2022-11-24 21:38:20[0m [W] [38;5;209;1msqlite[0m SQL > [38;5;209mINSERT INTO `stats_daily` (`command`,`dialogue`,`botSend`,`botReceive`,`group`,`time`) VALUES ('{"uni":12,"ratio":5}', '{}', '{"sandbox:koishi":3,"onebot:123456789":13}', '{"sandbox:koishi":4,"onebot:3527036356":15}', '{"onebot:527720650":13}', 1669219200000)[0m []
[38;5;8m2022-11-24 21:38:20[0m [W] [38;5;209;1msqlite[0m SQL > [38;5;209mINSERT INTO `stats_hourly` (`total`,`group`,`private`,`command`,`dialogue`,`time`) VALUES (16, 13, 3, 15, 0, 1669294800000)[0m []
[38;5;8m2022-11-24 21:38:20[0m [W] [38;5;209;1msqlite[0m SQL > [38;5;209mINSERT INTO `stats_longterm` (`message`,`time`) VALUES (16, 1669219200000)[0m []
[38;5;8m2022-11-24 21:38:20[0m [W] [38;5;207;1mi18n[0m missing [32m'The admission website of the university is not included or published. \n'[39m + [32m'Or you can enter the full name of the university and try again.'[39m
[38;5;8m2022-11-24 21:38:20[0m [W] [38;5;78;1mapp[0m Error: UNIQUE constraint failed: stats_daily.time
                            at f.handleError (C:\Users\tohka\Desktop\Python_work\robotProject\QQrobot\koishi-app\node_modules\@minatojs\sql.js\dist\sql-wasm.js:91:290)
                            at c.step (C:\Users\tohka\Desktop\Python_work\robotProject\QQrobot\koishi-app\node_modules\@minatojs\sql.js\dist\sql-wasm.js:81:394)
                            at c.run (C:\Users\tohka\Desktop\Python_work\robotProject\QQrobot\koishi-app\node_modules\@minatojs\sql.js\dist\sql-wasm.js:84:116)
                            at null.<anonymous> (C:\Users\tohka\Desktop\Python_work\robotProject\QQrobot\koishi-app\node_modules\@minatojs\driver-sqlite\src\index.ts:198:42)
                            at SQLiteDriver.#exec (C:\Users\tohka\Desktop\Python_work\robotProject\QQrobot\koishi-app\node_modules\@minatojs\driver-sqlite\src\index.ts:173:22)
                            at SQLiteDriver.#run (C:\Users\tohka\Desktop\Pytho...
[38;5;8m2022-11-24 22:01:50[0m [I] [38;5;167;1mwatch[0m reload plugin at [38;5;167mplugins\uni-entry\src\entry.ts[0m
[38;5;8m2022-11-24 22:01:50[0m [I] [38;5;167;1mwatch[0m reload plugin at [38;5;167mplugins\uni-entry\src\entry.ts[0m
[38;5;8m2022-11-24 22:01:50[0m [I] [38;5;167;1mwatch[0m reload plugin at [38;5;167mplugins\uni-entry\src\entry.ts[0m
[38;5;8m2022-11-24 22:02:06[0m [W] [38;5;209;1msqlite[0m SQL > [38;5;209mINSERT INTO `stats_daily` (`command`,`dialogue`,`botSend`,`botReceive`,`group`,`time`) VALUES ('{"uni":12,"ratio":5,"admission":1}', '{}', '{"sandbox:koishi":3,"onebot:123456789":14}', '{"sandbox:koishi":4,"onebot:3527036356":16}', '{"onebot:527720650":14}', 1669219200000)[0m []
[38;5;8m2022-11-24 22:02:06[0m [W] [38;5;209;1msqlite[0m SQL > [38;5;209mINSERT INTO `stats_longterm` (`message`,`time`) VALUES (17, 1669219200000)[0m []
[38;5;8m2022-11-24 22:02:06[0m [W] [38;5;207;1mi18n[0m missing [32m'The admission website of the university is not included or published. \n'[39m + [32m'Or you can enter the full name of the university and try again.'[39m
[38;5;8m2022-11-24 22:02:06[0m [W] [38;5;78;1mapp[0m Error: UNIQUE constraint failed: stats_daily.time
                            at f.handleError (C:\Users\tohka\Desktop\Python_work\robotProject\QQrobot\koishi-app\node_modules\@minatojs\sql.js\dist\sql-wasm.js:91:290)
                            at c.step (C:\Users\tohka\Desktop\Python_work\robotProject\QQrobot\koishi-app\node_modules\@minatojs\sql.js\dist\sql-wasm.js:81:394)
                            at c.run (C:\Users\tohka\Desktop\Python_work\robotProject\QQrobot\koishi-app\node_modules\@minatojs\sql.js\dist\sql-wasm.js:84:116)
                            at null.<anonymous> (C:\Users\tohka\Desktop\Python_work\robotProject\QQrobot\koishi-app\node_modules\@minatojs\driver-sqlite\src\index.ts:198:42)
                            at SQLiteDriver.#exec (C:\Users\tohka\Desktop\Python_work\robotProject\QQrobot\koishi-app\node_modules\@minatojs\driver-sqlite\src\index.ts:173:22)
                            at SQLiteDriver.#run (C:\Users\tohka\Desktop\Pytho...
[38;5;8m2022-11-24 22:12:10[0m [W] [38;5;209;1msqlite[0m SQL > [38;5;209mINSERT INTO `stats_daily` (`command`,`dialogue`,`botSend`,`botReceive`,`group`,`time`) VALUES ('{"uni":12,"ratio":5,"admission":4}', '{}', '{"sandbox:koishi":3,"onebot:123456789":17}', '{"sandbox:koishi":4,"onebot:3527036356":20}', '{"onebot:527720650":15}', 1669219200000)[0m []
[38;5;8m2022-11-24 22:12:10[0m [W] [38;5;209;1msqlite[0m SQL > [38;5;209mINSERT INTO `stats_hourly` (`total`,`group`,`private`,`command`,`dialogue`,`time`) VALUES (20, 15, 5, 19, 0, 1669298400000)[0m []
[38;5;8m2022-11-24 22:12:10[0m [W] [38;5;209;1msqlite[0m SQL > [38;5;209mINSERT INTO `stats_longterm` (`message`,`time`) VALUES (20, 1669219200000)[0m []
[38;5;8m2022-11-24 22:12:10[0m [W] [38;5;207;1mi18n[0m missing [32m'The admission website of the university is not included or published. \n'[39m + [32m'Or you can enter the full name of the university and try again.'[39m
[38;5;8m2022-11-24 22:12:10[0m [W] [38;5;78;1mapp[0m Error: UNIQUE constraint failed: stats_daily.time
                            at f.handleError (C:\Users\tohka\Desktop\Python_work\robotProject\QQrobot\koishi-app\node_modules\@minatojs\sql.js\dist\sql-wasm.js:91:290)
                            at c.step (C:\Users\tohka\Desktop\Python_work\robotProject\QQrobot\koishi-app\node_modules\@minatojs\sql.js\dist\sql-wasm.js:81:394)
                            at c.run (C:\Users\tohka\Desktop\Python_work\robotProject\QQrobot\koishi-app\node_modules\@minatojs\sql.js\dist\sql-wasm.js:84:116)
                            at null.<anonymous> (C:\Users\tohka\Desktop\Python_work\robotProject\QQrobot\koishi-app\node_modules\@minatojs\driver-sqlite\src\index.ts:198:42)
                            at SQLiteDriver.#exec (C:\Users\tohka\Desktop\Python_work\robotProject\QQrobot\koishi-app\node_modules\@minatojs\driver-sqlite\src\index.ts:173:22)
                            at SQLiteDriver.#run (C:\Users\tohka\Desktop\Pytho...
[38;5;8m2022-11-24 23:15:43[0m [I] [38;5;78;1mapp[0m [38;5;15;1mKoishi/4.10.3[0m
[38;5;8m2022-11-24 23:15:43[0m [I] [38;5;78;1mapp[0m apply plugin [38;5;78mgroup:entry[0m
[38;5;8m2022-11-24 23:15:43[0m [I] [38;5;78;1mapp[0m apply plugin [38;5;78mhelp[0m
[38;5;8m2022-11-24 23:15:43[0m [I] [38;5;78;1mapp[0m apply plugin [38;5;78mgroup:basic[0m
[38;5;8m2022-11-24 23:15:43[0m [I] [38;5;78;1mapp[0m apply plugin [38;5;78mrate-limit[0m
[38;5;8m2022-11-24 23:15:43[0m [I] [38;5;78;1mapp[0m apply plugin [38;5;78msuggest[0m
[38;5;8m2022-11-24 23:15:43[0m [I] [38;5;78;1mapp[0m apply plugin [38;5;78mlocales[0m
[38;5;8m2022-11-24 23:15:43[0m [I] [38;5;78;1mapp[0m apply plugin [38;5;78mcommands[0m
[38;5;8m2022-11-24 23:15:43[0m [I] [38;5;78;1mapp[0m apply plugin [38;5;78mgroup:console[0m
[38;5;8m2022-11-24 23:15:43[0m [I] [38;5;78;1mapp[0m apply plugin [38;5;78mconsole[0m
[38;5;8m2022-11-24 23:15:43[0m [I] [38;5;78;1mapp[0m apply plugin [38;5;78mdataview[0m
[38;5;8m2022-11-24 23:15:43[0m [I] [38;5;78;1mapp[0m apply plugin [38;5;78mlogger[0m
[38;5;8m2022-11-24 23:15:43[0m [I] [38;5;78;1mapp[0m apply plugin [38;5;78mmarket[0m
[38;5;8m2022-11-24 23:15:43[0m [I] [38;5;78;1mapp[0m apply plugin [38;5;78minsight[0m
[38;5;8m2022-11-24 23:15:43[0m [I] [38;5;78;1mapp[0m apply plugin [38;5;78msandbox[0m
[38;5;8m2022-11-24 23:15:43[0m [I] [38;5;78;1mapp[0m apply plugin [38;5;78mstatus[0m
[38;5;8m2022-11-24 23:15:43[0m [I] [38;5;78;1mapp[0m apply plugin [38;5;78mgroup:database[0m
[38;5;8m2022-11-24 23:15:43[0m [I] [38;5;78;1mapp[0m apply plugin [38;5;78mdatabase-sqlite[0m
[38;5;8m2022-11-24 23:15:43[0m [I] [38;5;78;1mapp[0m apply plugin [38;5;78madapter-onebot[0m
[38;5;8m2022-11-24 23:15:43[0m [I] [38;5;78;1mapp[0m apply plugin [38;5;78mgroup:adapter[0m
[38;5;8m2022-11-24 23:15:43[0m [I] [38;5;78;1mapp[0m apply plugin [38;5;78mgocqhttp[0m
[38;5;8m2022-11-24 23:15:43[0m [I] [38;5;78;1mapp[0m apply plugin [38;5;78mecho[0m
[38;5;8m2022-11-24 23:15:43[0m [I] [38;5;78;1mapp[0m apply plugin [38;5;78muni-entry[0m
[38;5;8m2022-11-24 23:15:44[0m [I] [38;5;78;1mapp[0m server listening at [38;5;78mhttp://localhost:5140[0m
[38;5;8m2022-11-24 23:15:44[0m [I] [38;5;214;1madapter[0m connect to server: [38;5;214mws://127.0.0.1:6700[0m
